Warning[205] C:\USERS\ALEX\MPLABXPROJECTS\SERVOYT.X\SERVO.ASM 1 : Found directive in column 1. (LIST)
Warning[205] C:\USERS\ALEX\MPLABXPROJECTS\SERVOYT.X\SERVO.ASM 2 : Found directive in column 1. (INCLUDE)
Warning[205] C:\USERS\ALEX\MPLABXPROJECTS\SERVOYT.X\SERVO.ASM 3 : Found directive in column 1. (__CONFIG)
Warning[205] C:\USERS\ALEX\MPLABXPROJECTS\SERVOYT.X\SERVO.ASM 5 : Found directive in column 1. (CBLOCK)
Warning[205] C:\USERS\ALEX\MPLABXPROJECTS\SERVOYT.X\SERVO.ASM 12 : Found directive in column 1. (ENDC)
Warning[205] C:\USERS\ALEX\MPLABXPROJECTS\SERVOYT.X\SERVO.ASM 29 : Found directive in column 1. (org)
Warning[203] C:\USERS\ALEX\MPLABXPROJECTS\SERVOYT.X\SERVO.ASM 30 : Found opcode in column 1. (goto)
Warning[205] C:\USERS\ALEX\MPLABXPROJECTS\SERVOYT.X\SERVO.ASM 31 : Found directive in column 1. (org)
Warning[203] C:\USERS\ALEX\MPLABXPROJECTS\SERVOYT.X\SERVO.ASM 32 : Found opcode in column 1. (goto)
Message[302] C:\USERS\ALEX\MPLABXPROJECTS\SERVOYT.X\SERVO.ASM 37 : Register in operand not in bank 0.  Ensure that bank bits are correct.
Message[302] C:\USERS\ALEX\MPLABXPROJECTS\SERVOYT.X\SERVO.ASM 38 : Register in operand not in bank 0.  Ensure that bank bits are correct.
Message[302] C:\USERS\ALEX\MPLABXPROJECTS\SERVOYT.X\SERVO.ASM 40 : Register in operand not in bank 0.  Ensure that bank bits are correct.
Message[302] C:\USERS\ALEX\MPLABXPROJECTS\SERVOYT.X\SERVO.ASM 43 : Register in operand not in bank 0.  Ensure that bank bits are correct.
Message[302] C:\USERS\ALEX\MPLABXPROJECTS\SERVOYT.X\SERVO.ASM 44 : Register in operand not in bank 0.  Ensure that bank bits are correct.
Message[302] C:\USERS\ALEX\MPLABXPROJECTS\SERVOYT.X\SERVO.ASM 45 : Register in operand not in bank 0.  Ensure that bank bits are correct.
Message[302] C:\USERS\ALEX\MPLABXPROJECTS\SERVOYT.X\SERVO.ASM 46 : Register in operand not in bank 0.  Ensure that bank bits are correct.
Message[302] C:\USERS\ALEX\MPLABXPROJECTS\SERVOYT.X\SERVO.ASM 47 : Register in operand not in bank 0.  Ensure that bank bits are correct.
Message[302] C:\USERS\ALEX\MPLABXPROJECTS\SERVOYT.X\SERVO.ASM 48 : Register in operand not in bank 0.  Ensure that bank bits are correct.
Message[302] C:\USERS\ALEX\MPLABXPROJECTS\SERVOYT.X\SERVO.ASM 49 : Register in operand not in bank 0.  Ensure that bank bits are correct.
Warning[207] C:\USERS\ALEX\MPLABXPROJECTS\SERVOYT.X\SERVO.ASM 58 : Found label after column 1. (Loop)
Warning[203] C:\USERS\ALEX\MPLABXPROJECTS\SERVOYT.X\SERVO.ASM 59 : Found opcode in column 1. (movlw)
Warning[203] C:\USERS\ALEX\MPLABXPROJECTS\SERVOYT.X\SERVO.ASM 63 : Found opcode in column 1. (movlw)
Warning[203] C:\USERS\ALEX\MPLABXPROJECTS\SERVOYT.X\SERVO.ASM 67 : Found opcode in column 1. (movlw)
Warning[203] C:\USERS\ALEX\MPLABXPROJECTS\SERVOYT.X\SERVO.ASM 71 : Found opcode in column 1. (call)
Warning[203] C:\USERS\ALEX\MPLABXPROJECTS\SERVOYT.X\SERVO.ASM 72 : Found opcode in column 1. (call)
Warning[203] C:\USERS\ALEX\MPLABXPROJECTS\SERVOYT.X\SERVO.ASM 73 : Found opcode in column 1. (call)
Warning[203] C:\USERS\ALEX\MPLABXPROJECTS\SERVOYT.X\SERVO.ASM 74 : Found opcode in column 1. (call)
Warning[203] C:\USERS\ALEX\MPLABXPROJECTS\SERVOYT.X\SERVO.ASM 75 : Found opcode in column 1. (call)
Warning[203] C:\USERS\ALEX\MPLABXPROJECTS\SERVOYT.X\SERVO.ASM 76 : Found opcode in column 1. (movlw)
Warning[203] C:\USERS\ALEX\MPLABXPROJECTS\SERVOYT.X\SERVO.ASM 80 : Found opcode in column 1. (call)
Warning[203] C:\USERS\ALEX\MPLABXPROJECTS\SERVOYT.X\SERVO.ASM 81 : Found opcode in column 1. (call)
Warning[203] C:\USERS\ALEX\MPLABXPROJECTS\SERVOYT.X\SERVO.ASM 82 : Found opcode in column 1. (call)
Warning[203] C:\USERS\ALEX\MPLABXPROJECTS\SERVOYT.X\SERVO.ASM 83 : Found opcode in column 1. (call)
Warning[203] C:\USERS\ALEX\MPLABXPROJECTS\SERVOYT.X\SERVO.ASM 84 : Found opcode in column 1. (call)
Warning[203] C:\USERS\ALEX\MPLABXPROJECTS\SERVOYT.X\SERVO.ASM 85 : Found opcode in column 1. (bsf)
Warning[203] C:\USERS\ALEX\MPLABXPROJECTS\SERVOYT.X\SERVO.ASM 86 : Found opcode in column 1. (call)
Warning[203] C:\USERS\ALEX\MPLABXPROJECTS\SERVOYT.X\SERVO.ASM 87 : Found opcode in column 1. (call)
Warning[203] C:\USERS\ALEX\MPLABXPROJECTS\SERVOYT.X\SERVO.ASM 88 : Found opcode in column 1. (call)
Warning[203] C:\USERS\ALEX\MPLABXPROJECTS\SERVOYT.X\SERVO.ASM 89 : Found opcode in column 1. (call)
Warning[203] C:\USERS\ALEX\MPLABXPROJECTS\SERVOYT.X\SERVO.ASM 90 : Found opcode in column 1. (call)
Warning[203] C:\USERS\ALEX\MPLABXPROJECTS\SERVOYT.X\SERVO.ASM 91 : Found opcode in column 1. (bsf)
Warning[203] C:\USERS\ALEX\MPLABXPROJECTS\SERVOYT.X\SERVO.ASM 92 : Found opcode in column 1. (call)
Warning[203] C:\USERS\ALEX\MPLABXPROJECTS\SERVOYT.X\SERVO.ASM 93 : Found opcode in column 1. (call)
Warning[203] C:\USERS\ALEX\MPLABXPROJECTS\SERVOYT.X\SERVO.ASM 94 : Found opcode in column 1. (call)
Warning[203] C:\USERS\ALEX\MPLABXPROJECTS\SERVOYT.X\SERVO.ASM 95 : Found opcode in column 1. (call)
Warning[203] C:\USERS\ALEX\MPLABXPROJECTS\SERVOYT.X\SERVO.ASM 96 : Found opcode in column 1. (call)
Warning[203] C:\USERS\ALEX\MPLABXPROJECTS\SERVOYT.X\SERVO.ASM 97 : Found opcode in column 1. (bsf)
Warning[203] C:\USERS\ALEX\MPLABXPROJECTS\SERVOYT.X\SERVO.ASM 98 : Found opcode in column 1. (call)
Warning[203] C:\USERS\ALEX\MPLABXPROJECTS\SERVOYT.X\SERVO.ASM 99 : Found opcode in column 1. (call)
Warning[203] C:\USERS\ALEX\MPLABXPROJECTS\SERVOYT.X\SERVO.ASM 100 : Found opcode in column 1. (call)
Warning[203] C:\USERS\ALEX\MPLABXPROJECTS\SERVOYT.X\SERVO.ASM 101 : Found opcode in column 1. (call)
Warning[203] C:\USERS\ALEX\MPLABXPROJECTS\SERVOYT.X\SERVO.ASM 102 : Found opcode in column 1. (call)
Warning[203] C:\USERS\ALEX\MPLABXPROJECTS\SERVOYT.X\SERVO.ASM 103 : Found opcode in column 1. (movlw)
Warning[203] C:\USERS\ALEX\MPLABXPROJECTS\SERVOYT.X\SERVO.ASM 107 : Found opcode in column 1. (bcf)
Warning[203] C:\USERS\ALEX\MPLABXPROJECTS\SERVOYT.X\SERVO.ASM 108 : Found opcode in column 1. (bcf)
Warning[203] C:\USERS\ALEX\MPLABXPROJECTS\SERVOYT.X\SERVO.ASM 109 : Found opcode in column 1. (bcf)
Warning[203] C:\USERS\ALEX\MPLABXPROJECTS\SERVOYT.X\SERVO.ASM 110 : Found opcode in column 1. (Goto)
Message[305] C:\USERS\ALEX\MPLABXPROJECTS\SERVOYT.X\SERVO.ASM 115 : Using default destination of 1 (file).
Message[305] C:\USERS\ALEX\MPLABXPROJECTS\SERVOYT.X\SERVO.ASM 135 : Using default destination of 1 (file).
Message[305] C:\USERS\ALEX\MPLABXPROJECTS\SERVOYT.X\SERVO.ASM 155 : Using default destination of 1 (file).
Warning[207] C:\USERS\ALEX\DOWNLOADS\DELAYS.INC 33 : Found label after column 1. (Delay_10us)
Warning[207] C:\USERS\ALEX\DOWNLOADS\DELAYS.INC 39 : Found label after column 1. (Delay_5us)
Warning[207] C:\USERS\ALEX\DOWNLOADS\DELAYS.INC 41 : Found label after column 1. (Delay_4us)
Warning[207] C:\USERS\ALEX\DOWNLOADS\DELAYS.INC 46 : Found label after column 1. (Delay_500us)
Warning[207] C:\USERS\ALEX\DOWNLOADS\DELAYS.INC 52 : Found label after column 1. (Delay_200us)
Warning[207] C:\USERS\ALEX\DOWNLOADS\DELAYS.INC 58 : Found label after column 1. (Delay_100us)
Warning[207] C:\USERS\ALEX\DOWNLOADS\DELAYS.INC 64 : Found label after column 1. (Delay_50us)
Warning[207] C:\USERS\ALEX\DOWNLOADS\DELAYS.INC 72 : Found label after column 1. (Delay_20us)
Warning[207] C:\USERS\ALEX\DOWNLOADS\DELAYS.INC 79 : Found label after column 1. (Bucle_Interno_us)
Warning[207] C:\USERS\ALEX\DOWNLOADS\DELAYS.INC 87 : Found label after column 1. (Delay_200ms)
Warning[207] C:\USERS\ALEX\DOWNLOADS\DELAYS.INC 92 : Found label after column 1. (Delay_100ms)
Warning[207] C:\USERS\ALEX\DOWNLOADS\DELAYS.INC 97 : Found label after column 1. (Delay_50ms)
Warning[207] C:\USERS\ALEX\DOWNLOADS\DELAYS.INC 102 : Found label after column 1. (Delay_20ms)
Warning[207] C:\USERS\ALEX\DOWNLOADS\DELAYS.INC 107 : Found label after column 1. (Delay_10ms)
Warning[207] C:\USERS\ALEX\DOWNLOADS\DELAYS.INC 112 : Found label after column 1. (Delay_5ms)
Warning[207] C:\USERS\ALEX\DOWNLOADS\DELAYS.INC 117 : Found label after column 1. (Delay_2ms)
Warning[207] C:\USERS\ALEX\DOWNLOADS\DELAYS.INC 123 : Found label after column 1. (Delay_1ms)
Warning[207] C:\USERS\ALEX\DOWNLOADS\DELAYS.INC 141 : Found label after column 1. (Delay_20s)
Warning[207] C:\USERS\ALEX\DOWNLOADS\DELAYS.INC 146 : Found label after column 1. (Delay_10s)
Warning[207] C:\USERS\ALEX\DOWNLOADS\DELAYS.INC 151 : Found label after column 1. (Delay_5s)
Warning[207] C:\USERS\ALEX\DOWNLOADS\DELAYS.INC 156 : Found label after column 1. (Delay_2s)
Warning[207] C:\USERS\ALEX\DOWNLOADS\DELAYS.INC 161 : Found label after column 1. (Delay_1s)
Warning[207] C:\USERS\ALEX\DOWNLOADS\DELAYS.INC 166 : Found label after column 1. (Delay_500ms)
